<?xml version="1.0" encoding="UTF-8"?>
<coverage generated="1744858748689" clover="3.2.0">
  <project timestamp="1744858748689" name="All files">
    <metrics statements="4" coveredstatements="4" conditionals="4" coveredconditionals="4" methods="1" coveredmethods="1" elements="9" coveredelements="9" complexity="0" loc="4" ncloc="4" packages="1" files="1" classes="1"/>
    <file name="calculateScore.js" path="C:\Users\LG\Desktop\BIG DATA SEMESTER 2\GROUP PROJECT\Projet_Petanque\src\utils\calculateScore.js">
      <metrics statements="4" coveredstatements="4" conditionals="4" coveredconditionals="4" methods="1" coveredmethods="1"/>
      <line num="2" count="3" type="cond" truecount="2" falsecount="0"/>
      <line num="3" count="2" type="cond" truecount="2" falsecount="0"/>
      <line num="4" count="1" type="stmt"/>
      <line num="7" count="1" type="stmt"/>
    </file>
  </project>
</coverage>
